<?xml version="1.0" encoding="UTF-8"?>
<!-- Generated by org.testng.reporters.JUnitXMLReporter -->
<testsuite ignored="9" hostname="KIN-06" failures="0" tests="1" name="Default test" time="20.884" errors="0" timestamp="2025-04-14T21:46:25 PKT">
  <testcase classname="com.orangehrm.tests.LoginTest" name="testPasswordFieldIsMasked" time="3.317"/>
  <testcase classname="com.orangehrm.tests.LoginTest" name="testLogin" time="0.0">
    <ignored/>
  </testcase> <!-- testLogin -->
  <testcase classname="com.orangehrm.tests.LoginTest" name="testLoginWithBlankPassword" time="0.0">
    <ignored/>
  </testcase> <!-- testLoginWithBlankPassword -->
  <testcase classname="com.orangehrm.tests.LoginTest" name="testLoginWithBlankCredentials" time="0.0">
    <ignored/>
  </testcase> <!-- testLoginWithBlankCredentials -->
  <testcase classname="com.orangehrm.tests.LoginTest" name="testPageUrlAndTitle" time="0.0">
    <ignored/>
  </testcase> <!-- testPageUrlAndTitle -->
  <testcase classname="com.orangehrm.tests.LoginTest" name="testLoginWithInvalidUsername" time="0.0">
    <ignored/>
  </testcase> <!-- testLoginWithInvalidUsername -->
  <testcase classname="com.orangehrm.tests.LoginTest" name="testLoginWithBlankUsername" time="0.0">
    <ignored/>
  </testcase> <!-- testLoginWithBlankUsername -->
  <testcase classname="com.orangehrm.tests.LoginTest" name="testLoginWithInvalidPassword" time="0.0">
    <ignored/>
  </testcase> <!-- testLoginWithInvalidPassword -->
  <testcase classname="com.orangehrm.tests.LoginTest" name="testLoginFieldPlaceholders" time="0.0">
    <ignored/>
  </testcase> <!-- testLoginFieldPlaceholders -->
  <testcase classname="com.orangehrm.tests.LoginTest" name="testForgotPasswordLinkVisibility" time="0.0">
    <ignored/>
  </testcase> <!-- testForgotPasswordLinkVisibility -->
</testsuite> <!-- Default test -->
