<?xml version="1.0" encoding="UTF-8"?>
<testng-results ignored="9" total="12" passed="3" failed="0" skipped="0">
  <reporter-output>
  </reporter-output>
  <suite started-at="2025-04-15T11:28:18 PKT" name="Default suite" finished-at="2025-04-15T11:28:34 PKT" duration-ms="15970">
    <groups>
    </groups>
    <test started-at="2025-04-15T11:28:18 PKT" name="Default test" finished-at="2025-04-15T11:28:34 PKT" duration-ms="15970">
      <class name="com.orangehrm.tests.LoginTest">
        <test-method is-config="true" signature="setUp()[pri:0, instance:com.orangehrm.tests.LoginTest@45d84a20]" started-at="2025-04-15T11:28:18 PKT" name="setUp" finished-at="2025-04-15T11:28:24 PKT" duration-ms="5659" status="PASS">
          <reporter-output>
          </reporter-output>
        </test-method> <!-- setUp -->
        <test-method is-config="true" signature="setUpLoginPage()[pri:0, instance:com.orangehrm.tests.LoginTest@45d84a20]" started-at="2025-04-15T11:28:24 PKT" name="setUpLoginPage" finished-at="2025-04-15T11:28:24 PKT" duration-ms="18" status="PASS">
          <reporter-output>
          </reporter-output>
        </test-method> <!-- setUpLoginPage -->
        <test-method signature="testLogin(java.lang.String,java.lang.String)[pri:0, instance:com.orangehrm.tests.LoginTest@45d84a20]" started-at="2025-04-15T11:28:24 PKT" name="testLogin" data-provider="loginData" finished-at="2025-04-15T11:28:25 PKT" duration-ms="1021" status="PASS">
          <params>
            <param index="0">
              <value>
                <![CDATA[Admin]]>
              </value>
            </param>
            <param index="1">
              <value>
                <![CDATA[pass1]]>
              </value>
            </param>
          </params>
          <reporter-output>
          </reporter-output>
        </test-method> <!-- testLogin -->
        <test-method is-config="true" signature="setUp()[pri:0, instance:com.orangehrm.tests.LoginTest@45d84a20]" started-at="2025-04-15T11:28:25 PKT" name="setUp" finished-at="2025-04-15T11:28:28 PKT" duration-ms="3568" status="PASS">
          <reporter-output>
          </reporter-output>
        </test-method> <!-- setUp -->
        <test-method is-config="true" signature="setUpLoginPage()[pri:0, instance:com.orangehrm.tests.LoginTest@45d84a20]" started-at="2025-04-15T11:28:28 PKT" name="setUpLoginPage" finished-at="2025-04-15T11:28:28 PKT" duration-ms="2" status="PASS">
          <reporter-output>
          </reporter-output>
        </test-method> <!-- setUpLoginPage -->
        <test-method signature="testLogin(java.lang.String,java.lang.String)[pri:0, instance:com.orangehrm.tests.LoginTest@45d84a20]" started-at="2025-04-15T11:28:28 PKT" name="testLogin" data-provider="loginData" finished-at="2025-04-15T11:28:29 PKT" duration-ms="753" status="PASS">
          <params>
            <param index="0">
              <value>
                <![CDATA[user2@example.com]]>
              </value>
            </param>
            <param index="1">
              <value>
                <![CDATA[pass2]]>
              </value>
            </param>
          </params>
          <reporter-output>
          </reporter-output>
        </test-method> <!-- testLogin -->
        <test-method is-config="true" signature="setUp()[pri:0, instance:com.orangehrm.tests.LoginTest@45d84a20]" started-at="2025-04-15T11:28:29 PKT" name="setUp" finished-at="2025-04-15T11:28:33 PKT" duration-ms="3868" status="PASS">
          <reporter-output>
          </reporter-output>
        </test-method> <!-- setUp -->
        <test-method is-config="true" signature="setUpLoginPage()[pri:0, instance:com.orangehrm.tests.LoginTest@45d84a20]" started-at="2025-04-15T11:28:33 PKT" name="setUpLoginPage" finished-at="2025-04-15T11:28:33 PKT" duration-ms="1" status="PASS">
          <reporter-output>
          </reporter-output>
        </test-method> <!-- setUpLoginPage -->
        <test-method signature="testLogin(java.lang.String,java.lang.String)[pri:0, instance:com.orangehrm.tests.LoginTest@45d84a20]" started-at="2025-04-15T11:28:33 PKT" name="testLogin" data-provider="loginData" finished-at="2025-04-15T11:28:34 PKT" duration-ms="908" status="PASS">
          <params>
            <param index="0">
              <value>
                <![CDATA[user3@example.com]]>
              </value>
            </param>
            <param index="1">
              <value>
                <![CDATA[pass3]]>
              </value>
            </param>
          </params>
          <reporter-output>
          </reporter-output>
        </test-method> <!-- testLogin -->
      </class> <!-- com.orangehrm.tests.LoginTest -->
    </test> <!-- Default test -->
  </suite> <!-- Default suite -->
</testng-results>
